# JRE version: Java(TM) SE Runtime Environment (8.0_191-b12) (build 1.8.0_191-b12)
# Java VM: Java HotSpot(TM) 64-Bit Server VM (25.191-b12 mixed mode windows-amd64 compressed oops)
Heap:
 PSYoungGen      total 222208K, used 220603K [0x00000000e0000000, 0x00000000eef80000, 0x0000000100000000)
  eden space 202240K, 100% used [0x00000000e0000000,0x00000000ec580000,0x00000000ec580000)
  from space 19968K, 91% used [0x00000000edc00000,0x00000000eedeec00,0x00000000eef80000)
  to   space 21504K, 18% used [0x00000000ec580000,0x00000000ec954610,0x00000000eda80000)
 ParOldGen       total 776192K, used 683723K [0x00000000a0000000, 0x00000000cf600000, 0x00000000e0000000)
  object space 776192K, 88% used [0x00000000a0000000,0x00000000c9bb2cc8,0x00000000cf600000)
 Metaspace       used 82828K, capacity 85698K, committed 85888K, reserved 1124352K
  class space    used 10998K, capacity 11610K, committed 11648K, reserved 1048576K
GC Heap History (10 events):
Event: 168.933 GC heap after
Heap after GC invocations=19 (full 3):
 PSYoungGen      total 152576K, used 12346K [0x00000000e0000000, 0x00000000eaa00000, 0x0000000100000000)
  eden space 137216K, 0% used [0x00000000e0000000,0x00000000e0000000,0x00000000e8600000)
  from space 15360K, 80% used [0x00000000e9b00000,0x00000000ea70e8a0,0x00000000eaa00000)
  to   space 18432K, 0% used [0x00000000e8600000,0x00000000e8600000,0x00000000e9800000)
 ParOldGen       total 131072K, used 28333K [0x00000000a0000000, 0x00000000a8000000, 0x00000000e0000000)
  object space 131072K, 21% used [0x00000000a0000000,0x00000000a1bab5c0,0x00000000a8000000)
 Metaspace       used 65900K, capacity 67632K, committed 67840K, reserved 1107968K
  class space    used 8935K, capacity 9363K, committed 9472K, reserved 1048576K
}
Event: 198.562 GC heap before
{Heap before GC invocations=20 (full 3):
 PSYoungGen      total 152576K, used 149335K [0x00000000e0000000, 0x00000000eaa00000, 0x0000000100000000)
  eden space 137216K, 99% used [0x00000000e0000000,0x00000000e85c7570,0x00000000e8600000)
  from space 15360K, 80% used [0x00000000e9b00000,0x00000000ea70e8a0,0x00000000eaa00000)
  to   space 18432K, 0% used [0x00000000e8600000,0x00000000e8600000,0x00000000e9800000)
 ParOldGen       total 131072K, used 28333K [0x00000000a0000000, 0x00000000a8000000, 0x00000000e0000000)
  object space 131072K, 21% used [0x00000000a0000000,0x00000000a1bab5c0,0x00000000a8000000)
 Metaspace       used 71097K, capacity 72948K, committed 73216K, reserved 1112064K
  class space    used 9489K, capacity 9955K, committed 9984K, reserved 1048576K
Event: 198.623 GC heap after
Heap after GC invocations=20 (full 3):
 PSYoungGen      total 155648K, used 17861K [0x00000000e0000000, 0x00000000ec080000, 0x0000000100000000)
  eden space 137216K, 0% used [0x00000000e0000000,0x00000000e0000000,0x00000000e8600000)
  from space 18432K, 96% used [0x00000000e8600000,0x00000000e97715f0,0x00000000e9800000)
  to   space 20992K, 0% used [0x00000000eac00000,0x00000000eac00000,0x00000000ec080000)
 ParOldGen       total 131072K, used 28341K [0x00000000a0000000, 0x00000000a8000000, 0x00000000e0000000)
  object space 131072K, 21% used [0x00000000a0000000,0x00000000a1bad5c0,0x00000000a8000000)
 Metaspace       used 71097K, capacity 72948K, committed 73216K, reserved 1112064K
  class space    used 9489K, capacity 9955K, committed 9984K, reserved 1048576K
}
Event: 198.694 GC heap before
{Heap before GC invocations=21 (full 3):
 PSYoungGen      total 155648K, used 154935K [0x00000000e0000000, 0x00000000ec080000, 0x0000000100000000)
  eden space 137216K, 99% used [0x00000000e0000000,0x00000000e85dc940,0x00000000e8600000)
  from space 18432K, 96% used [0x00000000e8600000,0x00000000e97715f0,0x00000000e9800000)
  to   space 20992K, 0% used [0x00000000eac00000,0x00000000eac00000,0x00000000ec080000)
 ParOldGen       total 131072K, used 28341K [0x00000000a0000000, 0x00000000a8000000, 0x00000000e0000000)
  object space 131072K, 21% used [0x00000000a0000000,0x00000000a1bad5c0,0x00000000a8000000)
 Metaspace       used 71106K, capacity 72948K, committed 73216K, reserved 1112064K
  class space    used 9489K, capacity 9955K, committed 9984K, reserved 1048576K
Event: 198.719 GC heap after
Heap after GC invocations=21 (full 3):
 PSYoungGen      total 177152K, used 11681K [0x00000000e0000000, 0x00000000ed900000, 0x0000000100000000)
  eden space 156160K, 0% used [0x00000000e0000000,0x00000000e0000000,0x00000000e9880000)
  from space 20992K, 55% used [0x00000000eac00000,0x00000000eb768610,0x00000000ec080000)
  to   space 19968K, 0% used [0x00000000e9880000,0x00000000e9880000,0x00000000eac00000)
 ParOldGen       total 131072K, used 28349K [0x00000000a0000000, 0x00000000a8000000, 0x00000000e0000000)
  object space 131072K, 21% used [0x00000000a0000000,0x00000000a1baf5c0,0x00000000a8000000)
 Metaspace       used 71106K, capacity 72948K, committed 73216K, reserved 1112064K
  class space    used 9489K, capacity 9955K, committed 9984K, reserved 1048576K
}
Event: 200.457 GC heap before
{Heap before GC invocations=22 (full 3):
 PSYoungGen      total 177152K, used 167841K [0x00000000e0000000, 0x00000000ed900000, 0x0000000100000000)
  eden space 156160K, 100% used [0x00000000e0000000,0x00000000e9880000,0x00000000e9880000)
  from space 20992K, 55% used [0x00000000eac00000,0x00000000eb768610,0x00000000ec080000)
  to   space 19968K, 0% used [0x00000000e9880000,0x00000000e9880000,0x00000000eac00000)
 ParOldGen       total 131072K, used 28349K [0x00000000a0000000, 0x00000000a8000000, 0x00000000e0000000)
  object space 131072K, 21% used [0x00000000a0000000,0x00000000a1baf5c0,0x00000000a8000000)
 Metaspace       used 71831K, capacity 73768K, committed 74112K, reserved 1114112K
  class space    used 9573K, capacity 10071K, committed 10112K, reserved 1048576K
Event: 200.499 GC heap after
Heap after GC invocations=22 (full 3):
 PSYoungGen      total 176128K, used 11919K [0x00000000e0000000, 0x00000000eef80000, 0x0000000100000000)
  eden space 156160K, 0% used [0x00000000e0000000,0x00000000e0000000,0x00000000e9880000)
  from space 19968K, 59% used [0x00000000e9880000,0x00000000ea423fa0,0x00000000eac00000)
  to   space 19968K, 0% used [0x00000000edc00000,0x00000000edc00000,0x00000000eef80000)
 ParOldGen       total 131072K, used 28357K [0x00000000a0000000, 0x00000000a8000000, 0x00000000e0000000)
  object space 131072K, 21% used [0x00000000a0000000,0x00000000a1bb15c0,0x00000000a8000000)
 Metaspace       used 71831K, capacity 73768K, committed 74112K, reserved 1114112K
  class space    used 9573K, capacity 10071K, committed 10112K, reserved 1048576K
}
Event: 224.886 GC heap before
{Heap before GC invocations=23 (full 3):
 PSYoungGen      total 176128K, used 168079K [0x00000000e0000000, 0x00000000eef80000, 0x0000000100000000)
  eden space 156160K, 100% used [0x00000000e0000000,0x00000000e9880000,0x00000000e9880000)
  from space 19968K, 59% used [0x00000000e9880000,0x00000000ea423fa0,0x00000000eac00000)
  to   space 19968K, 0% used [0x00000000edc00000,0x00000000edc00000,0x00000000eef80000)
 ParOldGen       total 131072K, used 28357K [0x00000000a0000000, 0x00000000a8000000, 0x00000000e0000000)
  object space 131072K, 21% used [0x00000000a0000000,0x00000000a1bb15c0,0x00000000a8000000)
 Metaspace       used 81406K, capacity 84118K, committed 84224K, reserved 1122304K
  class space    used 10817K, capacity 11430K, committed 11520K, reserved 1048576K
Event: 224.936 GC heap after
Heap after GC invocations=23 (full 3):
 PSYoungGen      total 222208K, used 18363K [0x00000000e0000000, 0x00000000eef80000, 0x0000000100000000)
  eden space 202240K, 0% used [0x00000000e0000000,0x00000000e0000000,0x00000000ec580000)
  from space 19968K, 91% used [0x00000000edc00000,0x00000000eedeec00,0x00000000eef80000)
  to   space 21504K, 0% used [0x00000000ec580000,0x00000000ec580000,0x00000000eda80000)
 ParOldGen       total 131072K, used 34623K [0x00000000a0000000, 0x00000000a8000000, 0x00000000e0000000)
  object space 131072K, 26% used [0x00000000a0000000,0x00000000a21cfd90,0x00000000a8000000)
 Metaspace       used 81406K, capacity 84118K, committed 84224K, reserved 1122304K
  class space    used 10817K, capacity 11430K, committed 11520K, reserved 1048576K
}
Event: 234.490 GC heap before
{Heap before GC invocations=24 (full 3):
 PSYoungGen      total 222208K, used 220603K [0x00000000e0000000, 0x00000000eef80000, 0x0000000100000000)
  eden space 202240K, 100% used [0x00000000e0000000,0x00000000ec580000,0x00000000ec580000)
  from space 19968K, 91% used [0x00000000edc00000,0x00000000eedeec00,0x00000000eef80000)
  to   space 21504K, 0% used [0x00000000ec580000,0x00000000ec580000,0x00000000eda80000)
 ParOldGen       total 131072K, used 34623K [0x00000000a0000000, 0x00000000a8000000, 0x00000000e0000000)
  object space 131072K, 26% used [0x00000000a0000000,0x00000000a21cfd90,0x00000000a8000000)
 Metaspace       used 82828K, capacity 85698K, committed 85888K, reserved 1124352K
  class space    used 10998K, capacity 11610K, committed 11648K, reserved 1048576K

